<?xml version="1.0" encoding="utf-8"?><testsuites name="pytest tests"><testsuite name="pytest" errors="0" failures="0" skipped="22" tests="3251" time="243.976" timestamp="2026-07-30T16:17:30.616490+01:00" hostname="StevesBigLaptop"><testcase classname="tests.backend.common.test_account_models.TestOwnerSummaryRecord" name="test_missing_owner_raises" time="0.023" /><testcase classname="tests.backend.common.test_account_models.TestOwnerSummaryRecord" name="test_blank_owner_raises" time="0.004" /><testcase classname="tests.backend.common.test_account_models.TestOwnerSummaryRecord" name="test_none_owner_raises" time="0.003" /><testcase classname="tests.backend.common.test_account_models.TestOwnerSummaryRecord" name="test_defaults_when_optional_fields_missing" time="0.002" /><testcase classname="tests.backend.common.test_account_models.TestOwnerSummaryRecord" name="test_non_string_account_items_are_dropped" time="0.002" /><testcase classname="tests.backend.common.test_account_models.TestOwnerSummaryRecord" name="test_accounts_must_be_a_list" time="0.002" /><testcase classname="tests.backend.common.test_account_models.TestOwnerSummaryRecord" name="test_duplicate_accounts_are_deduped_case_insensitively" time="0.002" /><testcase classname="tests.backend.common.test_account_models.TestOwnerSummaryRecord" name="test_unknown_extra_fields_are_ignored" time="0.003" /><testcase classname="tests.backend.common.test_account_models.TestPersonMetadata" name="test_all_fields_optional" time="0.002" /><testcase classname="tests.backend.common.test_account_models.TestPersonMetadata" name="test_blank_strings_normalise_to_none" time="0.002" /><testcase classname="tests.backend.common.test_account_models.TestPersonMetadata" name="test_non_string_optional_field_raises" time="0.002" /><testcase classname="tests.backend.common.test_account_models.TestPersonMetadata" name="test_dob_datetime_normalises_to_isoformat" time="0.002" /><testcase classname="tests.backend.common.test_account_models.TestPersonMetadata" name="test_viewers_deduped_case_insensitively" time="0.002" /><testcase classname="tests.backend.common.test_account_models.TestPersonMetadata" name="test_viewers_must_be_list" time="0.002" /><testcase classname="tests.backend.common.test_account_models.TestAccountRecord" name="test_defaults_when_fields_missing" time="0.003" /><testcase classname="tests.backend.common.test_account_models.TestAccountRecord" name="test_extra_keys_are_preserved" time="0.002" /><testcase classname="tests.backend.common.test_account_models.TestAccountRecord" name="test_holdings_must_be_list" time="0.004" /><testcase classname="tests.backend.common.test_accounts_store" name="test_local_store_edit_creates_and_updates" time="0.020" /><testcase classname="tests.backend.common.test_accounts_store" name="test_local_store_edit_discards_new_file_on_error" time="0.010" /><testcase classname="tests.backend.common.test_accounts_store" name="test_local_store_coerces_non_dict_to_default" time="0.014" /><testcase classname="tests.backend.common.test_accounts_store" name="test_local_store_ensure_owner_scaffolds_person" time="0.013" /><testcase classname="tests.backend.common.test_accounts_store" name="test_local_store_global_is_read_only" time="0.006" /><testcase classname="tests.backend.common.test_accounts_store" name="test_local_store_none_root_lists_empty" time="0.002" /><testcase classname="tests.backend.common.test_accounts_store" name="test_s3_store_write_uses_writable_prefix" time="0.003" /><testcase classname="tests.backend.common.test_accounts_store" name="test_s3_store_read_missing_returns_none" time="0.002" /><testcase classname="tests.backend.common.test_accounts_store" name="test_s3_store_edit_reads_existing_then_writes" time="0.003" /><testcase classname="tests.backend.common.test_accounts_store" name="test_s3_store_list_and_iter" time="0.003" /><testcase classname="tests.backend.common.test_accounts_store" name="test_s3_store_ensure_owner_idempotent" time="0.003" /><testcase classname="tests.backend.common.test_accounts_store" name="test_local_store_rebuild_portfolio" time="0.017" /><testcase classname="tests.backend.common.test_accounts_store" name="test_s3_store_rebuild_portfolio" time="0.003" /><testcase classname="tests.backend.common.test_accounts_store" name="test_s3_store_rebuild_portfolio_missing_transactions" time="0.003" /><testcase classname="tests.backend.common.test_accounts_store" name="test_local_store_rebuild_portfolio_none_root" time="0.003" /><testcase classname="tests.backend.common.test_accounts_store.TestS3Integration" name="test_write_then_read_cycle_ensure_owner_and_holdings" time="0.003" /><testcase classname="tests.backend.common.test_accounts_store.TestS3Integration" name="test_write_then_read_cycle_multiple_accounts" time="0.002" /><testcase classname="tests.backend.common.test_accounts_store.TestS3Integration" name="test_write_then_read_cycle_update_existing_holding" time="0.003" /><testcase classname="tests.backend.common.test_accounts_store.TestS3Integration" name="test_write_then_read_cycle_multiple_owners_isolated" time="0.003" /><testcase classname="tests.backend.common.test_accounts_store.TestS3Integration" name="test_ensure_owner_is_idempotent_under_integration" time="0.002" /><testcase classname="tests.backend.common.test_accounts_store" name="test_accounts_store_uses_shared_sanitiser" time="0.002" /><testcase classname="tests.backend.common.test_accounts_store" name="test_s3_read_document_log_injection_stripped" time="0.003" /><testcase classname="tests.backend.common.test_accounts_store" name="test_s3_rebuild_portfolio_log_injection_stripped" time="0.003" /><testcase classname="tests.backend.common.test_accounts_store" name="test_s3_iter_keys_log_injection_stripped" time="0.003" /><testcase classname="tests.backend.common.test_analytics_store" name="test_append_and_load_round_trip" time="0.018" /><testcase classname="tests.backend.common.test_analytics_store" name="test_load_events_skips_invalid_rows_and_normalises" time="0.012" /><testcase classname="tests.backend.common.test_analytics_store" name="test_clear_events_removes_file" time="0.013" /><testcase classname="tests.backend.common.test_approvals" name="test_load_approvals_handles_variants_and_invalid_rows" time="0.018" /><testcase classname="tests.backend.common.test_approvals" name="test_trading_days_and_validity_calculations" time="0.002" /><testcase classname="tests.backend.common.test_approvals" name="test_save_and_mutate_approvals" time="0.019" /><testcase classname="tests.backend.common.test_authz" name="test_identity_can_access_owner[alice-alice-meta0-True]" time="0.003" /><testcase classname="tests.backend.common.test_authz" name="test_identity_can_access_owner[ALICE-alice-meta1-True]" time="0.003" /><testcase classname="tests.backend.common.test_authz" name="test_identity_can_access_owner[  alice  -alice-meta2-True]" time="0.003" /><testcase classname="tests.backend.common.test_authz" name="test_identity_can_access_owner[alice@example.com-alice-meta3-True]" time="0.003" /><testcase classname="tests.backend.common.test_authz" name="test_identity_can_access_owner[ALICE@EXAMPLE.COM-alice-meta4-True]" time="0.003" /><testcase classname="tests.backend.common.test_authz" name="test_identity_can_access_owner[mum@example.com-alice-meta5-True]" time="0.003" /><testcase classname="tests.backend.common.test_authz" name="test_identity_can_access_owner[bob-alice-meta6-False]" time="0.003" /><testcase classname="tests.backend.common.test_authz" name="test_identity_can_access_owner[bob-alice-meta7-False]" time="0.003" /><testcase classname="tests.backend.common.test_authz" name="test_identity_can_access_owner[None-alice-meta8-False]" time="0.004" /><testcase classname="tests.backend.common.test_authz" name="test_identity_can_access_owner[-alice-meta9-False]" time="0.003" /><testcase classname="tests.backend.common.test_authz" name="test_identity_can_access_owner[   -alice-meta10-False]" time="0.003" /><testcase classname="tests.backend.common.test_authz" name="test_identity_can_access_owner[bob-alice-meta11-False]" time="0.003" /><testcase classname="tests.backend.common.test_authz" name="test_ensure_owner_access_noop_when_auth_disabled" time="0.002" /><testcase classname="tests.backend.common.test_authz" name="test_ensure_owner_access_allows_authorized" time="0.002" /><testcase classname="tests.backend.common.test_authz" name="test_ensure_owner_access_rejects_unauthorized" time="0.002" /><testcase classname="tests.backend.common.test_authz" name="test_ensure_owner_access_rejects_missing_identity" time="0.002" /><testcase classname="tests.backend.common.test_authz" name="test_ensure_owner_access_denial_is_logged" time="0.003" /><testcase classname="tests.backend.common.test_authz" name="test_ensure_owner_access_denial_log_reports_identity_present_when_unauthorized" time="0.003" /><testcase classname="tests.backend.common.test_compliance" name="test_load_transactions_missing_owner_raises" time="0.009" /><testcase classname="tests.backend.common.test_compliance" name="test_ensure_owner_scaffold_creates_defaults" time="0.019" /><testcase classname="tests.backend.common.test_compliance" name="test_check_trade_requires_owner" time="0.003" /><testcase classname="tests.backend.common.test_compliance" name="test_check_transactions_logs_sanitised_invalid_share_count" time="0.004" /><testcase classname="tests.backend.common.test_compliance" name="test_check_transactions_sanitises_ticker_when_shares_valid" time="0.003" /><testcase classname="tests.backend.common.test_compliance" name="test_evaluate_trades_attach_warnings_once" time="0.003" /><testcase classname="tests.backend.common.test_data_loader.TestExtractAccountNames" name="test_dedupes_and_filters_metadata" time="0.018" /><testcase classname="tests.backend.common.test_data_loader.TestMergeAccounts" name="test_merges_unique_accounts_and_full_name" time="0.002" /><testcase classname="tests.backend.common.test_data_loader.TestSafeJsonLoad" name="test_parses_json_with_utf8_bom" time="0.008" /><testcase classname="tests.backend.common.test_data_loader.TestSafeJsonLoad" name="test_missing_file_raises_file_not_found" time="0.007" /><testcase classname="tests.backend.common.test_data_loader.TestSafeJsonLoad" name="test_whitespace_only_raises_value_error" time="0.008" /><testcase classname="tests.backend.common.test_data_loader.TestBuildOwnerSummary" name="test_prefers_full_name_and_strips_whitespace" time="0.002" /><testcase classname="tests.backend.common.test_data_loader.TestBuildOwnerSummary" name="test_defaults_to_owner_slug_when_names_missing" time="0.002" /><testcase classname="tests.backend.common.test_data_loader.TestBuildOwnerSummary" name="test_includes_email_when_present" time="0.003" /><testcase classname="tests.backend.common.test_data_loader.TestLoadPersonMeta" name="test_malformed_person_json_returns_empty_meta" time="0.012" /><testcase classname="tests.backend.common.test_data_loader.TestLoadPersonMeta" name="test_extracts_full_name_when_present" time="0.010" /><testcase classname="tests.backend.common.test_data_loader.TestLoadPersonMeta" name="test_invalid_viewers_drops_key_preserves_other_fields" time="0.010" /><testcase classname="tests.backend.common.test_data_loader.TestLoadPersonMeta" name="test_load_person_metadata_returns_typed_model" time="0.010" /><testcase classname="tests.backend.common.test_data_loader.TestLoadPersonMeta" name="test_load_person_metadata_rejects_malformed_viewers" time="0.011" /><testcase classname="tests.backend.common.test_data_loader.TestLoadPersonMeta" name="test_person_metadata_accepts_date_like_dob_values" time="0.002" /><testcase classname="tests.backend.common.test_data_loader.TestLoadAccountRecord" name="test_load_account_record_returns_typed_model" time="0.009" /><testcase classname="tests.backend.common.test_data_loader.TestLoadAccountRecord" name="test_invalid_account_record_raises_validation_error" time="0.011" /><testcase classname="tests.backend.common.test_data_loader.TestMergeAccountsWithOwner" name="test_merges_without_duplication_and_sets_missing_full_name" time="0.002" /><testcase classname="tests.backend.common.test_data_loader.TestResolvePaths" name="test_with_relative_accounts_root" time="0.011" /><testcase classname="tests.backend.common.test_data_loader.TestResolvePaths" name="test_with_absolute_accounts_root" time="0.009" /><testcase classname="tests.backend.common.test_data_loader.TestResolvePaths" name="test_handles_windows_style_absolute_paths" time="0.007" /><testcase classname="tests.backend.common.test_data_loader.TestResolveDefaultAccountsRoot" name="test_falls_back_when_configured_root_missing" time="0.008" /><testcase classname="tests.backend.common.test_data_loader.TestResolveDefaultAccountsRoot" name="test_uses_configured_root_when_it_exists" time="0.008" /><testcase classname="tests.backend.common.test_data_loader.TestResolveDefaultAccountsRoot" name="test_returns_primary_when_neither_root_exists" time="0.008" /><testcase classname="tests.backend.common.test_data_loader.TestResolveOwnerDir" name="test_finds_owner_under_fallback_root" time="0.009" /><testcase classname="tests.backend.common.test_data_loader.TestResolveOwnerDir" name="test_raises_when_owner_missing_everywhere" time="0.009" /><testcase classname="tests.backend.common.test_data_loader.TestResolveOwnerDir" name="test_explicit_accounts_root_bypasses_fallback" time="0.009" /><testcase classname="tests.backend.common.test_data_loader.TestVirtualPortfolioPersistence" name="test_save_and_load_round_trip" time="0.017" /><testcase classname="tests.backend.common.test_data_loader.TestListLocalPlots" name="test_authentication_required_skips_special_accounts" time="0.022" /><testcase classname="tests.backend.common.test_data_loader.TestListLocalPlots" name="test_enforces_viewer_permissions" time="0.028" /><testcase classname="tests.backend.common.test_data_loader.TestListLocalPlots" name="test_respects_viewers_when_auth_disabled_and_user_provided" time="0.022" /><testcase classname="tests.backend.common.test_data_loader.TestListLocalPlots" name="test_accepts_contextvar_current_user" time="0.023" /><testcase classname="tests.backend.common.test_data_loader.TestListLocalPlots" name="test_includes_full_name_from_metadata" time="0.018" /><testcase classname="tests.backend.common.test_data_loader.TestListLocalPlots" name="test_skips_metadata_and_transaction_exports" time="0.031" /><testcase classname="tests.backend.common.test_data_loader.TestListLocalPlots" name="test_authentication_disabled_allows_anonymous_access" time="0.022" /><testcase classname="tests.backend.common.test_data_loader.TestListLocalPlots" name="test_overridden_demo_identity_hides_default_directory" time="0.116"><skipped type="pytest.xfail" message="To fix" /></testcase><testcase classname="tests.backend.common.test_data_loader.TestListLocalPlots" name="test_falls_back_to_repository_when_primary_empty" time="0.023" /><testcase classname="tests.backend.common.test_data_loader.TestListLocalPlots" name="test_explicit_root_does_not_merge_fallback" time="0.023" /><testcase classname="tests.backend.common.test_data_loader.TestListLocalPlots" name="test_list_plots_with_explicit_root_skips_demo" time="0.023" /><testcase classname="tests.backend.common.test_data_loader.TestListLocalPlots" name="test_allows_access_when_user_matches_owner_email" time="0.021" /><testcase classname="tests.backend.common.test_data_loader.TestLocalOwnerIndexCache" name="test_safe_file_signature_reuses_digest_when_stat_is_unchanged" time="0.008" /><testcase classname="tests.backend.common.test_data_loader.TestLocalOwnerIndexCache" name="test_reuses_cached_owner_index_when_signature_is_unchanged" time="0.020" /><testcase classname="tests.backend.common.test_data_loader.TestLocalOwnerIndexCache" name="test_invalidates_cached_owner_index_when_metadata_changes" time="0.026" /><testcase classname="tests.backend.common.test_data_loader.TestLocalOwnerIndexCache" name="test_invalidates_cached_owner_index_when_accounts_change" time="0.025" /><testcase classname="tests.backend.common.test_data_loader.TestLocalOwnerIndexCache" name="test_invalidates_cached_owner_index_when_owner_added" time="0.028" /><testcase classname="tests.backend.common.test_data_loader.TestLocalOwnerIndexCache" name="test_invalidates_cached_owner_index_when_content_changes_without_stat_change" time="0.001"><skipped type="pytest.skip" message="st_ctime_ns is file creation time on Windows; content-only changes cannot be detected without re-reading">C:\Users\steph\workspace\GitHub\allotmint\tests\backend\common\test_data_loader.py:770: st_ctime_ns is file creation time on Windows; content-only changes cannot be detected without re-reading</skipped></testcase><testcase classname="tests.backend.common.test_data_loader.TestLoadDemoOwner" name="test_returns_demo_summary_when_available" time="0.016" /><testcase classname="tests.backend.common.test_data_loader.TestLoadDemoOwner" name="test_returns_none_when_demo_directory_missing" time="0.007" /><testcase classname="tests.backend.common.test_data_loader" name="test_list_aws_plots_enforces_email_and_viewer_permissions" time="0.008" /><testcase classname="tests.backend.common.test_data_loader" name="test_list_plots_prefers_aws_results" time="0.007" /><testcase classname="tests.backend.common.test_data_loader" name="test_list_plots_aws_falls_back_to_local" time="0.008" /><testcase classname="tests.backend.common.test_data_loader" name="test_list_plots_skips_invalid_entries_without_failing_whole_batch" time="0.016" /><testcase classname="tests.backend.common.test_data_loader" name="test_load_account_dotdot_owner_raises_missing_data" time="0.009" /><testcase classname="tests.backend.common.test_data_loader" name="test_load_account_dotdot_account_raises_missing_data" time="0.010" /><testcase classname="tests.backend.common.test_data_provider_parity" name="test_load_account_matches_between_local_and_mocked_aws[Alice-ISA]" time="0.018" /><testcase classname="tests.backend.common.test_data_provider_parity" name="test_load_account_matches_between_local_and_mocked_aws[Alice-GIA]" time="0.021" /><testcase classname="tests.backend.common.test_data_provider_parity" name="test_load_account_matches_between_local_and_mocked_aws[bob-SIPP]" time="0.019" /><testcase classname="tests.backend.common.test_data_provider_parity" name="test_load_person_meta_matches_between_local_and_mocked_aws[Alice]" time="0.018" /><testcase classname="tests.backend.common.test_data_provider_parity" name="test_load_person_meta_matches_between_local_and_mocked_aws[bob]" time="0.018" /><testcase classname="tests.backend.common.test_data_provider_parity" name="test_list_plots_matches_between_local_and_mocked_aws_after_normalisation" time="0.028" /><testcase classname="tests.backend.common.test_data_providers" name="test_load_account_valid" time="0.012" /><testcase classname="tests.backend.common.test_data_providers" name="test_load_account_dotdot_owner_blocked" time="0.010" /><testcase classname="tests.backend.common.test_data_providers" name="test_load_account_dotdot_account_blocked" time="0.011" /><testcase classname="tests.backend.common.test_data_providers" name="test_load_account_absolute_owner_blocked" time="0.011" /><testcase classname="tests.backend.common.test_data_providers" name="test_load_account_percent_encoded_owner_blocked" time="0.010" /><testcase classname="tests.backend.common.test_data_providers" name="test_load_person_meta_dotdot_blocked" time="0.011" /><testcase classname="tests.backend.common.test_data_providers" name="test_load_person_meta_absolute_path_blocked" time="0.010" /><testcase classname="tests.backend.common.test_data_providers" name="test_load_person_meta_valid_missing_file" time="0.012" /><testcase classname="tests.backend.common.test_data_providers" name="test_load_person_meta_valid" time="0.014" /><testcase classname="tests.backend.common.test_instrument_api" name="test_derive_grouping_prefers_sector_over_currency" time="0.003" /><testcase classname="tests.backend.common.test_instrument_api" name="test_derive_grouping_prefers_currency_over_region" time="0.002" /><testcase classname="tests.backend.common.test_instrument_api_groupings" name="test_resolve_grouping_uses_catalogue" time="0.002" /><testcase classname="tests.backend.common.test_instrument_api_groupings" name="test_resolve_grouping_falls_back_to_metadata[meta0-expected0]" time="0.003" /><testcase classname="tests.backend.common.test_instrument_api_groupings" name="test_resolve_grouping_falls_back_to_metadata[meta1-expected1]" time="0.003" /><testcase classname="tests.backend.common.test_instrument_api_groupings" name="test_resolve_grouping_falls_back_to_metadata[meta2-expected2]" time="0.003" /><testcase classname="tests.backend.common.test_instruments" name="test_validate_part_accepts_valid_symbols[abc-ABC]" time="0.003" /><testcase classname="tests.backend.common.test_instruments" name="test_validate_part_accepts_valid_symbols[a-bc123-A-BC123]" time="0.002" /><testcase classname="tests.backend.common.test_instruments" name="test_validate_part_accepts_valid_symbols[XYZ-XYZ]" time="0.003" /><testcase classname="tests.backend.common.test_instruments" name="test_validate_part_rejects_invalid_symbols[]" time="0.002" /><testcase classname="tests.backend.common.test_instruments" name="test_validate_part_rejects_invalid_symbols[abc!]" time="0.002" /><testcase classname="tests.backend.common.test_instruments" name="test_validate_part_rejects_invalid_symbols[with space]" time="0.002" /><testcase classname="tests.backend.common.test_instruments" name="test_validate_part_rejects_invalid_symbols[inv.alid]" time="0.002" /><testcase classname="tests.backend.common.test_instruments" name="test_instrument_path_generates_expected_locations" time="0.010" /><testcase classname="tests.backend.common.test_instruments" name="test_instrument_path_rejects_invalid_symbols[bad$ticker]" time="0.009" /><testcase classname="tests.backend.common.test_instruments" name="test_instrument_path_rejects_invalid_symbols[abc.ba@d]" time="0.010" /><testcase classname="tests.backend.common.test_instruments" name="test_get_instrument_meta_reads_local_file_when_no_s3" time="0.011" /><testcase classname="tests.backend.common.test_instruments" name="test_get_instrument_meta_prefers_s3_when_available" time="0.009" /><testcase classname="tests.backend.common.test_instruments" name="test_get_instrument_meta_falls_back_to_local_on_s3_error" time="0.012" /><testcase classname="tests.backend.common.test_instruments" name="test_save_instrument_meta_writes_uploads_and_clears_cache" time="0.016" /><testcase classname="tests.backend.common.test_instruments" name="test_delete_instrument_meta_removes_file_and_handles_missing" time="0.012" /><testcase classname="tests.backend.common.test_instruments" name="test_list_instruments_adds_default_fields" time="0.013" /><testcase classname="tests.backend.common.test_instruments" name="test_list_group_definitions_returns_empty_when_missing" time="0.010" /><testcase classname="tests.backend.common.test_instruments" name="test_instruments_dir_resolution[configured-directory]" time="0.021" /><testcase classname="tests.backend.common.test_instruments" name="test_instruments_dir_resolution[packaged-fallback]" time="0.024" /><testcase classname="tests.backend.common.test_instruments" name="test_instruments_dir_resolution[missing-everywhere]" time="0.020" /><testcase classname="tests.backend.common.test_instruments" name="test_save_instrument_meta_variants" time="0.013" /><testcase classname="tests.backend.common.test_instruments" name="test_save_instrument_meta_handles_read_only_filesystem" time="0.011" /><testcase classname="tests.backend.common.test_instruments" name="test_fetch_metadata_from_yahoo_builds_normalized_payload" time="0.002" /><testcase classname="tests.backend.common.test_instruments" name="test_fetch_metadata_from_yahoo_falls_back_to_info_and_fast_info[object]" time="0.003" /><testcase classname="tests.backend.common.test_instruments" name="test_fetch_metadata_from_yahoo_falls_back_to_info_and_fast_info[dict]" time="0.002" /><testcase classname="tests.backend.common.test_instruments" name="test_fetch_metadata_from_yahoo_rejects_unknown_exchange" time="0.002" /><testcase classname="tests.backend.common.test_instruments" name="test_auto_create_instrument_meta_merges_payload" time="0.013" /><testcase classname="tests.backend.common.test_instruments" name="test_auto_create_respects_offline_and_failure_cache" time="0.002" /><testcase classname="tests.backend.common.test_instruments" name="test_auto_create_respects_testing_guard" time="0.002"><skipped type="pytest.xfail" message="Query fallback mechanism needs investigation" /></testcase><testcase classname="tests.backend.common.test_instruments" name="test_list_group_definitions_loads_json" time="0.020" /><testcase classname="tests.backend.common.test_instruments" name="test_clean_str_variants[  spaced  -False-spaced]" time="0.003" /><testcase classname="tests.backend.common.test_instruments" name="test_clean_str_variants[lower-True-LOWER]" time="0.003" /><testcase classname="tests.backend.common.test_instruments" name="test_clean_str_variants[123-False-123]" time="0.003" /><testcase classname="tests.backend.common.test_instruments" name="test_clean_str_variants[  -False-None]" time="0.003" /><testcase classname="tests.backend.common.test_instruments" name="test_clean_str_variants[None-True-None]" time="0.003" /><testcase classname="tests.backend.common.test_instruments" name="test_asset_class_from_quote_type_variants[equity-Equity]" time="0.002" /><testcase classname="tests.backend.common.test_instruments" name="test_asset_class_from_quote_type_variants[mutualfund-Fund]" time="0.003" /><testcase classname="tests.backend.common.test_instruments" name="test_asset_class_from_quote_type_variants[cryptoCurrency-Crypto]" time="0.002" /><testcase classname="tests.backend.common.test_instruments" name="test_asset_class_from_quote_type_variants[unknown_type-Unknown Type]" time="0.002" /><testcase classname="tests.backend.common.test_instruments" name="test_asset_class_from_quote_type_variants[None-None]" time="0.002" /><testcase classname="tests.backend.common.test_instruments" name="test_yahoo_suffix_for_exchange[LSE-.L]" time="0.002" /><testcase classname="tests.backend.common.test_instruments" name="test_yahoo_suffix_for_exchange[lse-.L]" time="0.002" /><testcase classname="tests.backend.common.test_instruments" name="test_yahoo_suffix_for_exchange[NASDAQ-]" time="0.003" /><testcase classname="tests.backend.common.test_instruments" name="test_yahoo_suffix_for_exchange[fx-=X]" time="0.002" /><testcase classname="tests.backend.common.test_instruments" name="test_yahoo_suffix_for_exchange_unknown" time="0.002" /><testcase classname="tests.backend.common.test_instruments" name="test_build_yahoo_symbol[abc-lse-ABC.L]" time="0.003" /><testcase classname="tests.backend.common.test_instruments" name="test_build_yahoo_symbol[abc.l-LSE-ABC.L]" time="0.003" /><testcase classname="tests.backend.common.test_instruments" name="test_build_yahoo_symbol[usdgbp=x-fx-USDGBP=X]" time="0.003" /><testcase classname="tests.backend.common.test_instruments" name="test_build_yahoo_symbol[spy-NYSE-SPY]" time="0.003" /><testcase classname="tests.backend.common.test_metrics" name="test_parse_date_handles_various_inputs[2024-03-01-expected0]" time="0.003" /><testcase classname="tests.backend.common.test_metrics" name="test_parse_date_handles_various_inputs[value1-expected1]" time="0.002" /><testcase classname="tests.backend.common.test_metrics" name="test_parse_date_handles_various_inputs[-None]" time="0.002" /><testcase classname="tests.backend.common.test_metrics" name="test_parse_date_handles_various_inputs[None-None]" time="0.002" /><testcase classname="tests.backend.common.test_metrics" name="test_parse_date_handles_various_inputs[not-a-date-None]" time="0.003" /><testcase classname="tests.backend.common.test_metrics" name="test_position_periods_tracks_closed_and_open_positions" time="0.002" /><testcase classname="tests.backend.common.test_metrics" name="test_position_periods_ignores_incomplete_transactions" time="0.002" /><testcase classname="tests.backend.common.test_metrics" name="test_calculate_portfolio_turnover_with_zero_portfolio_value" time="0.002" /><testcase classname="tests.backend.common.test_metrics" name="test_calculate_portfolio_turnover_aggregates_trade_amounts" time="0.002" /><testcase classname="tests.backend.common.test_metrics" name="test_calculate_average_holding_period_includes_open_positions" time="0.002" /><testcase classname="tests.backend.common.test_metrics" name="test_compute_and_store_metrics_writes_file" time="0.013" /><testcase classname="tests.backend.common.test_pension" name="test_state_pension_age_uk_boundaries[1954-10-05-65]" time="0.003" /><testcase classname="tests.backend.common.test_pension" name="test_state_pension_age_uk_boundaries[1954-10-06-66]" time="0.002" /><testcase classname="tests.backend.common.test_pension" name="test_state_pension_age_uk_boundaries[1960-04-05-66]" time="0.002" /><testcase classname="tests.backend.common.test_pension" name="test_state_pension_age_uk_boundaries[1960-04-06-67]" time="0.002" /><testcase classname="tests.backend.common.test_pension" name="test_state_pension_age_uk_boundaries[1977-04-05-67]" time="0.002" /><testcase classname="tests.backend.common.test_pension" name="test_state_pension_age_uk_boundaries[1977-04-06-68]" time="0.003" /><testcase classname="tests.backend.common.test_pension" name="test_state_pension_age_uk_boundaries[2050-01-01-68]" time="0.003" /><testcase classname="tests.backend.common.test_pension" name="test_state_pension_age_uk_invalid_string" time="0.002" /><testcase classname="tests.backend.common.test_pension" name="test_state_pension_age_valid_inputs[1959-12-31-66]" time="0.002" /><testcase classname="tests.backend.common.test_pension" name="test_state_pension_age_valid_inputs[1960-04-05-66]" time="0.003" /><testcase classname="tests.backend.common.test_pension" name="test_state_pension_age_valid_inputs[1960-04-06-67]" time="0.002" /><testcase classname="tests.backend.common.test_pension" name="test_state_pension_age_valid_inputs[1977-04-05-67]" time="0.002" /><testcase classname="tests.backend.common.test_pension" name="test_state_pension_age_valid_inputs[1977-04-06-68]" time="0.003" /><testcase classname="tests.backend.common.test_pension" name="test_state_pension_age_valid_inputs[2050-01-01-68]" time="0.003" /><testcase classname="tests.backend.common.test_pension" name="test_state_pension_age_invalid_inputs" time="0.002" /><testcase classname="tests.backend.common.test_pension" name="test_age_from_dob_fractional_years[2000-01-01-today0]" time="0.003" /><testcase classname="tests.backend.common.test_pension" name="test_age_from_dob_fractional_years[1980-06-15-today1]" time="0.002" /><testcase classname="tests.backend.common.test_pension" name="test_age_from_dob_invalid_and_future_dates" time="0.002" /><testcase classname="tests.backend.common.test_pension" name="test_estimate_db_pension_value_with_growth_and_custom_multiple" time="0.003" /><testcase classname="tests.backend.common.test_pension" name="test_estimate_db_pension_value_immediate_start" time="0.002" /><testcase classname="tests.backend.common.test_pension" name="test_forecast_pension_scenario" time="0.002" /><testcase classname="tests.backend.common.test_pension" name="test_dc_pension_pot_gbp_sums_sipp_accounts_only" time="0.003" /><testcase classname="tests.backend.common.test_pension" name="test_dc_pension_pot_gbp_handles_missing_and_none_values" time="0.002" /><testcase classname="tests.backend.common.test_pension" name="test_pension_ytd_return_positive_growth" time="0.002" /><testcase classname="tests.backend.common.test_pension" name="test_pension_ytd_return_zero_baseline_returns_none_pct" time="0.002" /><testcase classname="tests.backend.common.test_pension" name="test_pension_shortfall_vs_target_on_track" time="0.002" /><testcase classname="tests.backend.common.test_pension" name="test_pension_shortfall_vs_target_short_of_goal" time="0.002" /><testcase classname="tests.backend.common.test_portfolio_builder" name="test_build_owner_portfolio_applies_transaction_impact" time="0.003" /><testcase classname="tests.backend.common.test_portfolio_builder" name="test_build_owner_portfolio_requires_plot" time="0.003" /><testcase classname="tests.backend.common.test_portfolio_builder" name="test_build_owner_portfolio_logs_total_plot_count_on_miss[discovered_plots0]" time="0.004" /><testcase classname="tests.backend.common.test_portfolio_builder" name="test_build_owner_portfolio_logs_total_plot_count_on_miss[discovered_plots1]" time="0.004" /><testcase classname="tests.backend.common.test_portfolio_loader" name="test_rebuild_account_holdings_scaling" time="0.020" /><testcase classname="tests.backend.common.test_portfolio_loader" name="test_rebuild_account_holdings_missing_file" time="0.015" /><testcase classname="tests.backend.common.test_portfolio_loader" name="test_rebuild_account_holdings_bad_json" time="0.017" /><testcase classname="tests.backend.common.test_portfolio_loader" name="test_compute_holdings_from_transactions" time="0.002" /><testcase classname="tests.backend.common.test_portfolio_loader" name="test_compute_holdings_from_transactions_empty" time="0.003" /><testcase classname="tests.backend.common.test_portfolio_utils" name="test_compute_var_with_normal_data" time="0.028" /><testcase classname="tests.backend.common.test_portfolio_utils" name="test_compute_var_with_insufficient_data" time="0.004" /><testcase classname="tests.backend.common.test_portfolio_utils" name="test_compute_var_with_non_numeric_input" time="0.023" /><testcase classname="tests.backend.common.test_portfolio_utils" name="test_fx_to_base_uses_fetched_rates" time="0.004" /><testcase classname="tests.backend.common.test_portfolio_utils" name="test_fx_to_base_falls_back_to_default_rate" time="0.003" /><testcase classname="tests.backend.common.test_portfolio_utils" name="test_normalise_snapshot_native_price_keeps_gbx_value_when_already_gbp_scaled" time="0.002" /><testcase classname="tests.backend.common.test_portfolio_utils" name="test_normalise_snapshot_native_price_scales_pence_value_against_holding_price" time="0.003" /><testcase classname="tests.backend.common.test_portfolio_utils" name="test_normalise_snapshot_native_price_scales_when_holding_price_is_zero" time="0.002" /><testcase classname="tests.backend.common.test_portfolio_utils" name="test_normalise_snapshot_native_price_scales_when_holding_price_is_negative" time="0.003" /><testcase classname="tests.backend.common.test_portfolio_utils" name="test_load_snapshot_from_s3" time="0.003" /><testcase classname="tests.backend.common.test_portfolio_utils" name="test_load_snapshot_s3_failure_falls_back_to_local" time="0.016" /><testcase classname="tests.backend.common.test_portfolio_utils" name="test_load_snapshot_local_missing_file" time="0.008" /><testcase classname="tests.backend.common.test_portfolio_utils" name="test_first_nonempty_str_returns_trimmed_value" time="0.002" /><testcase classname="tests.backend.common.test_portfolio_utils" name="test_first_nonempty_str_returns_none_when_missing" time="0.003" /><testcase classname="tests.backend.common.test_portfolio_utils" name="test_safe_num_parses_numeric_strings" time="0.002" /><testcase classname="tests.backend.common.test_portfolio_utils" name="test_safe_num_returns_default_for_invalid" time="0.003" /><testcase classname="tests.backend.common.test_portfolio_utils" name="test_aggregate_by_ticker_uses_shared_grouping" time="0.004" /><testcase classname="tests.backend.common.test_portfolio_utils" name="test_aggregate_by_ticker_prefers_cost_basis" time="0.003" /><testcase classname="tests.backend.common.test_portfolio_utils" name="test_aggregate_by_ticker_uses_zero_snapshot_price" time="0.003" /><testcase classname="tests.backend.common.test_portfolio_utils" name="test_aggregate_by_ticker_cash_gbp_is_never_derived_from_snapshot" time="0.002" /><testcase classname="tests.backend.common.test_portfolio_utils" name="test_aggregate_by_ticker_cash_gbp_zero_cost_basis" time="0.003" /><testcase classname="tests.backend.common.test_portfolio_utils" name="test_aggregate_by_ticker_cash_gbp_none_cost_basis" time="0.003" /><testcase classname="tests.backend.common.test_portfolio_utils" name="test_aggregate_by_ticker_cash_gbp_ticker_normalisation[cash.gbp]" time="0.003" /><testcase classname="tests.backend.common.test_portfolio_utils" name="test_aggregate_by_ticker_cash_gbp_ticker_normalisation[ CASH.GBP ]" time="0.003" /><testcase classname="tests.backend.common.test_portfolio_utils" name="test_aggregate_by_ticker_cash_gbp_ticker_normalisation[Cash.Gbp]" time="0.003" /><testcase classname="tests.backend.common.test_portfolio_utils" name="test_aggregate_by_ticker_uses_default_meta_and_handles_price_errors" time="0.002" /><testcase classname="tests.backend.common.test_portfolio_utils" name="test_aggregate_by_ticker_security_meta_and_default_fallback" time="0.003" /><testcase classname="tests.backend.common.test_portfolio_utils" name="test_aggregate_by_ticker_backfills_default_meta_and_marks_fallback" time="0.003" /><testcase classname="tests.backend.common.test_portfolio_utils" name="test_fx_to_base_cache_reuse_and_aggregate_scaling" time="0.009" /><testcase classname="tests.backend.common.test_portfolio_utils" name="test_list_all_unique_tickers_logs_missing_and_counts_nulls" time="0.003" /><testcase classname="tests.backend.common.test_portfolio_utils" name="test_securities_are_not_built_at_import_time" time="0.003" /><testcase classname="tests.backend.common.test_prices" name="test_close_on_falls_back_to_close_column" time="0.005" /><testcase classname="tests.backend.common.test_prices" name="test_close_on_returns_none_when_no_price_columns" time="0.003" /><testcase classname="tests.backend.common.test_prices" name="test_close_on_returns_none_for_nan_close" time="0.004" /><testcase classname="tests.backend.common.test_prices" name="test_close_on_converts_native_currency_to_gbp" time="0.004" /><testcase classname="tests.backend.common.test_prices" name="test_close_on_converts_gbx_pence_to_gbp" time="0.005" /><testcase classname="tests.backend.common.test_prices" name="test_get_price_snapshot_handles_stale_and_missing_data" time="0.003" /><testcase classname="tests.backend.common.test_prices" name="test_get_price_snapshot_treats_nan_price_as_no_data" time="0.002" /><testcase classname="tests.backend.common.test_prices" name="test_refresh_prices_uploads_to_s3_in_aws_env" time="0.014" /><testcase classname="tests.backend.common.test_prices" name="test_refresh_prices_s3_upload_failure_logs_warning_not_error" time="0.012" /><testcase classname="tests.backend.common.test_prices" name="test_refresh_prices_skips_s3_when_data_bucket_not_set" time="0.009" /><testcase classname="tests.backend.common.test_prices" name="test_refresh_prices_does_not_upload_to_s3_in_local_env" time="0.008" /><testcase classname="tests.backend.common.test_prices" name="test_build_securities_and_get_security_meta" time="0.002" /><testcase classname="tests.backend.common.test_prices" name="test_last_close_fallback_snapshot_does_not_double_convert_fx" time="0.003" /><testcase classname="tests.backend.common.test_prices" name="test_last_close_fallback_snapshot_marks_gbx_prices_as_gbp" time="0.003" /><testcase classname="tests.backend.common.test_prices" name="test_close_on_returns_none_when_fx_lookup_is_invalid" time="0.005" /><testcase classname="tests.backend.common.test_storage" name="test_file_storage_load_missing_file" time="0.007" /><testcase classname="tests.backend.common.test_storage" name="test_file_storage_save_and_load" time="0.009" /><testcase classname="tests.backend.common.test_storage" name="test_file_storage_invalid_json_logs_warning" time="0.008" /><testcase classname="tests.backend.common.test_storage" name="test_s3_storage_load_and_save" time="0.003" /><testcase classname="tests.backend.common.test_storage" name="test_s3_storage_load_error_logs_warning" time="0.003" /><testcase classname="tests.backend.common.test_storage" name="test_parameter_store_load_and_save" time="0.003" /><testcase classname="tests.backend.common.test_storage" name="test_parameter_store_save_explicit_string_type" time="0.003" /><testcase classname="tests.backend.common.test_storage" name="test_parameter_store_load_error_logs_warning" time="0.003" /><testcase classname="tests.backend.common.test_storage" name="test_get_storage_supported_schemes[s3://bucket/key.json-S3JSONStorage-attrs0]" time="0.003" /><testcase classname="tests.backend.common.test_storage" name="test_get_storage_supported_schemes[ssm://parameter/name-ParameterStoreJSONStorage-attrs1]" time="0.003" /><testcase classname="tests.backend.common.test_storage" name="test_get_storage_unsupported_scheme" time="0.002" /><testcase classname="tests.backend.common.test_storage" name="test_get_storage_ssm_defaults_to_secure_string" time="0.002" /><testcase classname="tests.backend.common.test_storage" name="test_get_storage_preserves_hierarchical_parameter_name" time="0.003" /><testcase classname="tests.backend.common.test_storage" name="test_get_storage_ssm_explicit_string_type" time="0.002" /><testcase classname="tests.backend.common.test_transaction_reconciliation" name="test_normalise_account_key[trim-and-lower]" time="0.003" /><testcase classname="tests.backend.common.test_transaction_reconciliation" name="test_normalise_account_key[fallback]" time="0.003" /><testcase classname="tests.backend.common.test_transaction_reconciliation" name="test_load_json_handles_missing_file" time="0.009" /><testcase classname="tests.backend.common.test_transaction_reconciliation" name="test_load_json_handles_invalid_json" time="0.010" /><testcase classname="tests.backend.common.test_transaction_reconciliation" name="test_load_json_parses_valid_json" time="0.012" /><testcase classname="tests.backend.common.test_transaction_reconciliation" name="test_transactions_to_positions[basic-buys-sells]" time="0.004" /><testcase classname="tests.backend.common.test_transaction_reconciliation" name="test_transactions_to_positions[alternate-fields]" time="0.003" /><testcase classname="tests.backend.common.test_transaction_reconciliation" name="test_transactions_to_positions[scaled-quantity]" time="0.002" /><testcase classname="tests.backend.common.test_transaction_reconciliation" name="test_transactions_to_positions[skip-malformed-rows]" time="0.002" /><testcase classname="tests.backend.common.test_transaction_reconciliation" name="test_reconcile_transactions_with_holdings_adds_synthetic_entries" time="0.016" /><testcase classname="tests.backend.quests.test_trail" name="test_owners_for_user_matches_email_and_viewer" time="0.012" /><testcase classname="tests.backend.quests.test_trail" name="test_owners_for_user_handles_missing_root" time="0.008" /><testcase classname="tests.backend.quests.test_trail" name="test_owners_for_user_slug_fallback" time="0.009" /><testcase classname="tests.backend.quests.test_trail" name="test_build_allowance_and_compliance_tasks" time="0.002" /><testcase classname="tests.backend.quests.test_trail" name="test_once_tasks_custom_threshold_and_push_completion" time="0.003" /><testcase classname="tests.backend.routes.test_accounts_helpers" name="test_resolve_accounts_root_cached_directory_and_config_fallback" time="0.016" /><testcase classname="tests.backend.routes.test_accounts_helpers" name="test_resolve_accounts_root_global_fallback" time="0.009" /><testcase classname="tests.backend.routes.test_accounts_helpers" name="test_resolve_accounts_root_cached_allow_missing" time="0.008" /><testcase classname="tests.backend.routes.test_accounts_helpers" name="test_resolve_owner_directory_case_insensitive" time="0.010" /><testcase classname="tests.backend.routes.test_accounts_helpers" name="test_resolve_owner_directory_iteration_failure" time="0.007" /><testcase classname="tests.backend.routes.test_accounts_helpers" name="test_resolve_owner_directory_prefers_direct_match" time="0.010" /><testcase classname="tests.backend.routes.test_accounts_helpers" name="test_resolve_owner_directory_dotdot_returns_none" time="0.008" /><testcase classname="tests.backend.routes.test_accounts_helpers" name="test_resolve_owner_directory_absolute_path_returns_none" time="0.008" /><testcase classname="tests.backend.routes.test_accounts_helpers" name="test_resolve_owner_directory_nested_dotdot_returns_none" time="0.010" /><testcase classname="tests.backend.routes.test_alert_settings" name="test_resolve_identity_prefers_overrides[asyncio]" time="0.010" /><testcase classname="tests.backend.routes.test_alert_settings" name="test_resolve_identity_awaits_coroutine_overrides[asyncio]" time="0.007" /><testcase classname="tests.backend.routes.test_alert_settings" name="test_resolve_identity_defaults_to_demo[asyncio]" time="0.007" /><testcase classname="tests.backend.routes.test_alert_settings" name="test_get_threshold_uses_resolved_identity[asyncio]" time="0.005" /><testcase classname="tests.backend.routes.test_alert_settings" name="test_set_threshold_uses_resolved_identity[asyncio]" time="0.007" /><testcase classname="tests.backend.routes.test_alert_settings" name="test_get_threshold_owner_mismatch[asyncio]" time="0.005" /><testcase classname="tests.backend.routes.test_alert_settings" name="test_set_threshold_owner_mismatch[asyncio]" time="0.005" /><testcase classname="tests.backend.routes.test_alert_settings" name="test_resolve_identity_prefers_overrides[trio]" time="0.005" /><testcase classname="tests.backend.routes.test_alert_settings" name="test_resolve_identity_awaits_coroutine_overrides[trio]" time="0.005" /><testcase classname="tests.backend.routes.test_alert_settings" name="test_resolve_identity_defaults_to_demo[trio]" time="0.006" /><testcase classname="tests.backend.routes.test_alert_settings" name="test_get_threshold_uses_resolved_identity[trio]" time="0.006" /><testcase classname="tests.backend.routes.test_alert_settings" name="test_set_threshold_uses_resolved_identity[trio]" time="0.005" /><testcase classname="tests.backend.routes.test_alert_settings" name="test_get_threshold_owner_mismatch[trio]" time="0.005" /><testcase classname="tests.backend.routes.test_alert_settings" name="test_set_threshold_owner_mismatch[trio]" time="0.005" /><testcase classname="tests.backend.routes.test_alerts" name="test_validate_owner_updates_request_state[asyncio]" time="0.007" /><testcase classname="tests.backend.routes.test_alerts" name="test_validate_owner_missing_everywhere[asyncio]" time="0.005" /><testcase classname="tests.backend.routes.test_alerts" name="test_get_settings_honours_updated_state[asyncio]" time="0.008" /><testcase classname="tests.backend.routes.test_alerts" name="test_set_settings_honours_updated_state[asyncio]" time="0.009" /><testcase classname="tests.backend.routes.test_alerts" name="test_validate_owner_updates_request_state[trio]" time="0.008" /><testcase classname="tests.backend.routes.test_alerts" name="test_validate_owner_missing_everywhere[trio]" time="0.006" /><testcase classname="tests.backend.routes.test_alerts" name="test_get_settings_honours_updated_state[trio]" time="0.007" /><testcase classname="tests.backend.routes.test_alerts" name="test_set_settings_honours_updated_state[trio]" time="0.006" /><testcase classname="tests.backend.routes.test_analytics" name="test_optional_current_user_skips_when_auth_disabled" time="0.005" /><testcase classname="tests.backend.routes.test_analytics" name="test_optional_current_user_uses_dependencies_when_enabled" time="0.006" /><testcase classname="tests.backend.routes.test_analytics" name="test_log_event_appends_expected_event" time="0.018" /><testcase classname="tests.backend.routes.test_analytics" name="test_log_event_validation_errors[payload_kwargs0-Unknown analytics source]" time="0.006" /><testcase classname="tests.backend.routes.test_analytics" name="test_log_event_validation_errors[payload_kwargs1-Unsupported event for source]" time="0.007" /><testcase classname="tests.backend.routes.test_analytics" name="test_log_event_rejects_unserialisable_metadata" time="0.005" /><testcase classname="tests.backend.routes.test_analytics" name="test_get_funnel_with_no_events" time="0.008" /><testcase classname="tests.backend.routes.test_analytics" name="test_get_funnel_with_events" time="0.005" /><testcase classname="tests.backend.routes.test_compliance" name="test_known_owners_aggregates_plot_metadata" time="0.010" /><testcase classname="tests.backend.routes.test_compliance" name="test_known_owners_falls_back_to_directory_iteration" time="0.013" /><testcase classname="tests.backend.routes.test_compliance" name="test_known_owners_adds_demo_owner_when_available" time="0.012" /><testcase classname="tests.backend.routes.test_compliance" name="test_known_owners_uses_metadata_when_root_missing" time="0.011" /><testcase classname="tests.backend.routes.test_compliance" name="test_known_owners_skips_demo_when_metadata_lookup_fails" time="0.013" /><testcase classname="tests.backend.routes.test_compliance" name="test_compliance_for_owner_missing_directory[asyncio]" time="0.012" /><testcase classname="tests.backend.routes.test_compliance" name="test_compliance_for_owner_rejects_unknown_owner[asyncio]" time="0.013" /><testcase classname="tests.backend.routes.test_compliance" name="test_compliance_for_owner_translates_missing_files[asyncio]" time="0.011" /><testcase classname="tests.backend.routes.test_compliance" name="test_validate_trade_requires_owner[asyncio]" time="0.014" /><testcase classname="tests.backend.routes.test_compliance" name="test_validate_trade_rejects_blank_owner[asyncio]" time="0.012" /><testcase classname="tests.backend.routes.test_compliance" name="test_validate_trade_rejects_disallowed_owner[asyncio]" time="0.011" /><testcase classname="tests.backend.routes.test_compliance" name="test_validate_trade_requires_known_directory_when_present[asyncio]" time="0.011" /><testcase classname="tests.backend.routes.test_compliance" name="test_validate_trade_normalises_owner_name[asyncio]" time="0.012" /><testcase classname="tests.backend.routes.test_compliance" name="test_validate_trade_translates_value_error[asyncio]" time="0.012" /><testcase classname="tests.backend.routes.test_compliance" name="test_validate_trade_scaffolds_missing_directory[asyncio]" time="0.012" /><testcase classname="tests.backend.routes.test_compliance" name="test_validate_trade_scaffolds_when_owner_discovery_fails[asyncio]" time="0.011" /><testcase classname="tests.backend.routes.test_compliance" name="test_compliance_for_owner_missing_directory[trio]" time="0.012" /><testcase classname="tests.backend.routes.test_compliance" name="test_compliance_for_owner_rejects_unknown_owner[trio]" time="0.016" /><testcase classname="tests.backend.routes.test_compliance" name="test_compliance_for_owner_translates_missing_files[trio]" time="0.012" /><testcase classname="tests.backend.routes.test_compliance" name="test_validate_trade_requires_owner[trio]" time="0.011" /><testcase classname="tests.backend.routes.test_compliance" name="test_validate_trade_rejects_blank_owner[trio]" time="0.011" /><testcase classname="tests.backend.routes.test_compliance" name="test_validate_trade_rejects_disallowed_owner[trio]" time="0.010" /><testcase classname="tests.backend.routes.test_compliance" name="test_validate_trade_requires_known_directory_when_present[trio]" time="0.013" /><testcase classname="tests.backend.routes.test_compliance" name="test_validate_trade_normalises_owner_name[trio]" time="0.009" /><testcase classname="tests.backend.routes.test_compliance" name="test_validate_trade_translates_value_error[trio]" time="0.011" /><testcase classname="tests.backend.routes.test_compliance" name="test_validate_trade_scaffolds_missing_directory[trio]" time="0.011" /><testcase classname="tests.backend.routes.test_compliance" name="test_validate_trade_scaffolds_when_owner_discovery_fails[trio]" time="0.011" /><testcase classname="tests.backend.routes.test_config" name="test_read_config_exposes_auth_enabled_bootstrap_fields" time="0.005" /><testcase classname="tests.backend.routes.test_config" name="test_read_config_exposes_auth_disabled_local_login_fields" time="0.005" /><testcase classname="tests.backend.routes.test_config" name="test_read_config_includes_aws_ui_auth_when_env_set" time="0.005" /><testcase classname="tests.backend.routes.test_config" name="test_read_config_omits_aws_ui_auth_when_disabled" time="0.006" /><testcase classname="tests.backend.routes.test_config" name="test_update_config_rejects_invalid_google_auth_env" time="0.015" /><testcase classname="tests.backend.routes.test_config" name="test_update_config_supported_env_values[YES-True]" time="0.023" /><testcase classname="tests.backend.routes.test_config" name="test_update_config_supported_env_values[0-False]" time="0.019" /><testcase classname="tests.backend.routes.test_config" name="test_update_config_rejects_blank_client_id" time="0.014" /><testcase classname="tests.backend.routes.test_config" name="test_update_config_validates_with_env_client_id" time="0.019" /><testcase classname="tests.backend.routes.test_config" name="test_update_config_env_provides_client_id" time="0.016" /><testcase classname="tests.backend.routes.test_config" name="test_update_config_noop_payload_preserves_config" time="0.017" /><testcase classname="tests.backend.routes.test_config" name="test_update_config_normalises_string_google_auth_flag" time="0.020" /><testcase classname="tests.backend.routes.test_config" name="test_update_config_accepts_string_false_flag" time="0.018" /><testcase classname="tests.backend.routes.test_config" name="test_update_config_empty_payload_env_toggle_requires_client_id" time="0.017" /><testcase classname="tests.backend.routes.test_config" name="test_update_config_treats_blank_google_auth_env_as_absent" time="0.016" /><testcase classname="tests.backend.routes.test_goals" name="test_create_goal_uses_payload_and_returns_dict" time="0.004" /><testcase classname="tests.backend.routes.test_goals" name="test_list_goals_returns_payloads" time="0.002" /><testcase classname="tests.backend.routes.test_goals" name="test_get_goal_returns_progress_and_trades" time="0.005" /><testcase classname="tests.backend.routes.test_goals" name="test_get_goal_missing_raises_404" time="0.002" /><testcase classname="tests.backend.routes.test_goals" name="test_update_goal_replaces_goal_and_saves" time="0.002" /><testcase classname="tests.backend.routes.test_goals" name="test_update_goal_missing_raises_404" time="0.003" /><testcase classname="tests.backend.routes.test_goals" name="test_remove_goal_deletes_when_present" time="0.002" /><testcase classname="tests.backend.routes.test_goals" name="test_remove_goal_missing_raises_404" time="0.002" /><testcase classname="tests.backend.routes.test_instrument" name="test_search_instruments_validation_and_trim[asyncio]" time="0.005" /><testcase classname="tests.backend.routes.test_instrument" name="test_instrument_empty_template[asyncio]" time="0.023" /><testcase classname="tests.backend.routes.test_instrument" name="test_instrument_json_gbx_and_base_currency[asyncio]" time="0.065" /><testcase classname="tests.backend.routes.test_instrument" name="test_instrument_json_foreign_currency_fx[asyncio]" time="0.026" /><testcase classname="tests.backend.routes.test_instrument" name="test_instrument_json_scales_positions[asyncio]" time="0.017" /><testcase classname="tests.backend.routes.test_instrument" name="test_instrument_last_close_fx_conversion[asyncio]" time="0.021" /><testcase classname="tests.backend.routes.test_instrument" name="test_intraday_no_data[asyncio]" time="0.006" /><testcase classname="tests.backend.routes.test_instrument" name="test_instrument_empty_html_escapes_xss_in_positions[asyncio]" time="0.020" /><testcase classname="tests.backend.routes.test_instrument" name="test_search_instruments_validation_and_trim[trio]" time="0.005" /><testcase classname="tests.backend.routes.test_instrument" name="test_instrument_empty_template[trio]" time="0.009" /><testcase classname="tests.backend.routes.test_instrument" name="test_instrument_json_gbx_and_base_currency[trio]" time="0.031" /><testcase classname="tests.backend.routes.test_instrument" name="test_instrument_json_foreign_currency_fx[trio]" time="0.023" /><testcase classname="tests.backend.routes.test_instrument" name="test_instrument_json_scales_positions[trio]" time="0.016" /><testcase classname="tests.backend.routes.test_instrument" name="test_instrument_last_close_fx_conversion[trio]" time="0.020" /><testcase classname="tests.backend.routes.test_instrument" name="test_intraday_no_data[trio]" time="0.006" /><testcase classname="tests.backend.routes.test_instrument" name="test_instrument_empty_html_escapes_xss_in_positions[trio]" time="0.013" /><testcase classname="tests.backend.routes.test_instrument" name="test_positions_for_ticker_cost_basis_fallback" time="0.004" /><testcase classname="tests.backend.routes.test_instrument" name="test_intraday_returns_prices" time="0.012" /><testcase classname="tests.backend.routes.test_instrument" name="test_instrument_search_truncates_at_maximum" time="0.455" /><testcase classname="tests.backend.routes.test_instrument" name="test_instrument_json_days_zero_uses_epoch_and_usd_branch" time="0.623" /><testcase classname="tests.backend.routes.test_instrument" name="test_intraday_returns_502_on_provider_error" time="0.456" /><testcase classname="tests.backend.routes.test_instrument" name="test_render_html_escapes_xss_in_position_strings" time="0.026" /><testcase classname="tests.backend.routes.test_instrument" name="test_render_html_escapes_xss_in_ticker" time="0.009" /><testcase classname="tests.backend.routes.test_instrument_admin" name="test_list_group_labels_merges_trimmed_metadata" time="0.007" /><testcase classname="tests.backend.routes.test_instrument_admin" name="test_create_group_handles_duplicates_and_validation" time="0.006" /><testcase classname="tests.backend.routes.test_instrument_admin" name="test_create_instrument_validation_and_persistence" time="0.011" /><testcase classname="tests.backend.routes.test_instrument_admin" name="test_update_instrument_errors_and_merges" time="0.014" /><testcase classname="tests.backend.routes.test_instrument_admin" name="test_refresh_instrument_offline_guard" time="0.012" /><testcase classname="tests.backend.routes.test_instrument_admin" name="test_refresh_instrument_fetch_failure_returns_502" time="0.011" /><testcase classname="tests.backend.routes.test_instrument_admin" name="test_refresh_instrument_preview_shows_diff_without_saving" time="0.010" /><testcase classname="tests.backend.routes.test_instrument_admin" name="test_refresh_instrument_persists_when_not_preview" time="0.012" /><testcase classname="tests.backend.routes.test_instrument_admin" name="test_normalise_group_rejects_invalid_values" time="0.005" /><testcase classname="tests.backend.routes.test_instrument_admin" name="test_assign_group_validates_and_persists" time="0.012" /><testcase classname="tests.backend.routes.test_instrument_admin" name="test_clear_group_persists_then_skips_when_absent" time="0.010" /><testcase classname="tests.backend.routes.test_market" name="test_fetch_headlines_uses_cached_helper" time="0.002" /><testcase classname="tests.backend.routes.test_market" name="test_fetch_headlines_stops_on_quota_exhaustion" time="0.003" /><testcase classname="tests.backend.routes.test_market" name="test_market_overview_selects_region" time="0.005" /><testcase classname="tests.backend.routes.test_market" name="test_fetch_uk_sectors_flat_dict" time="0.002" /><testcase classname="tests.backend.routes.test_market" name="test_fetch_uk_sectors_nested_values" time="0.002" /><testcase classname="tests.backend.routes.test_market" name="test_sort_and_filter_headlines_excludes_old_and_sorts_newest_first" time="0.002" /><testcase classname="tests.backend.routes.test_market" name="test_sort_and_filter_headlines_falls_back_when_nothing_recent" time="0.002" /><testcase classname="tests.backend.routes.test_market" name="test_sort_and_filter_headlines_keeps_undated_when_no_dated_items" time="0.004" /><testcase classname="tests.backend.routes.test_market" name="test_fetch_uk_sectors_skips_invalid_entries" time="0.002" /><testcase classname="tests.backend.routes.test_metrics" name="test_get_metrics_returns_cached_payload" time="0.007" /><testcase classname="tests.backend.routes.test_metrics" name="test_get_metrics_computes_when_cache_empty" time="0.005" /><testcase classname="tests.backend.routes.test_metrics" name="test_get_metrics_raises_http_not_found" time="0.004" /><testcase classname="tests.backend.routes.test_opportunities" name="test_get_opportunities_rejects_invalid_days" time="0.005" /><testcase classname="tests.backend.routes.test_opportunities" name="test_get_opportunities_rejects_group_and_tickers" time="0.004" /><testcase classname="tests.backend.routes.test_opportunities" name="test_group_requires_authentication" time="0.004" /><testcase classname="tests.backend.routes.test_opportunities" name="test_group_invalid_token" time="0.004" /><testcase classname="tests.backend.routes.test_opportunities" name="test_group_flow_populates_context_and_entries" time="0.006" /><testcase classname="tests.backend.routes.test_opportunities" name="test_group_opportunities_recalculates_weights_and_enriches" time="0.003" /><testcase classname="tests.backend.routes.test_opportunities" name="test_group_opportunities_sums_duplicate_ticker_market_values" time="0.003" /><testcase classname="tests.backend.routes.test_opportunities" name="test_group_opportunities_error_and_short_circuit" time="0.003" /><testcase classname="tests.backend.routes.test_opportunities" name="test_watchlist_blank_tickers" time="0.005" /><testcase classname="tests.backend.routes.test_opportunities" name="test_watchlist_flow_sorted_and_enriched" time="0.005" /><testcase classname="tests.backend.routes.test_opportunities_endpoint" name="test_watchlist_sorts_by_abs_change_and_preserves_anomalies" time="0.028" /><testcase classname="tests.backend.routes.test_opportunities_endpoint" name="test_group_requires_token_when_auth_enabled" time="0.028" /><testcase classname="tests.backend.routes.test_opportunities_endpoint" name="test_group_rejects_invalid_token" time="0.020" /><testcase classname="tests.backend.routes.test_opportunities_endpoint" name="test_group_success_decorates_signals" time="0.021" /><testcase classname="tests.backend.routes.test_opportunities_endpoint" name="test_invalid_days_rejected" time="0.019" /><testcase classname="tests.backend.routes.test_opportunities_endpoint" name="test_empty_tickers_rejected" time="0.021" /><testcase classname="tests.backend.routes.test_portfolio_helpers" name="test_collect_account_stems_filters_metadata_and_transactions" time="0.022" /><testcase classname="tests.backend.routes.test_portfolio_helpers" name="test_has_transactions_artifact_detects_file_and_directory" time="0.012" /><testcase classname="tests.backend.routes.test_portfolio_helpers" name="test_build_demo_summary_upgrades_default_name" time="0.017" /><testcase classname="tests.backend.routes.test_portfolio_helpers" name="test_list_owner_summaries_appends_demo_when_missing" time="0.023" /><testcase classname="tests.backend.routes.test_portfolio_helpers" name="test_do_refresh_prices_uses_to_thread" time="0.009" /><testcase classname="tests.backend.routes.test_positions_date_filter" name="test_meta_default_no_date_params" time="0.432" /><testcase classname="tests.backend.routes.test_positions_date_filter" name="test_meta_start_date_only" time="0.436" /><testcase classname="tests.backend.routes.test_positions_date_filter" name="test_meta_end_date_only" time="0.419" /><testcase classname="tests.backend.routes.test_positions_date_filter" name="test_meta_both_dates" time="0.423" /><testcase classname="tests.backend.routes.test_positions_date_filter" name="test_meta_start_after_end_is_422" time="0.415" /><testcase classname="tests.backend.routes.test_positions_date_filter" name="test_meta_no_data_in_range_is_404" time="0.438" /><testcase classname="tests.backend.routes.test_positions_date_filter" name="test_instrument_default_no_date_params" time="0.466" /><testcase classname="tests.backend.routes.test_positions_date_filter" name="test_instrument_start_date_only" time="0.457" /><testcase classname="tests.backend.routes.test_positions_date_filter" name="test_instrument_end_date_only" time="0.447" /><testcase classname="tests.backend.routes.test_positions_date_filter" name="test_instrument_both_dates" time="0.432" /><testcase classname="tests.backend.routes.test_positions_date_filter" name="test_instrument_start_after_end_is_400" time="0.462" /><testcase classname="tests.backend.routes.test_positions_date_filter" name="test_instrument_no_data_in_range_is_404" time="0.431" /><testcase classname="tests.backend.routes.test_positions_date_filter" name="test_portfolio_instrument_default_no_date_params" time="0.424" /><testcase classname="tests.backend.routes.test_positions_date_filter" name="test_portfolio_instrument_start_date_only" time="0.397" /><testcase classname="tests.backend.routes.test_positions_date_filter" name="test_portfolio_instrument_end_date_only" time="0.389" /><testcase classname="tests.backend.routes.test_positions_date_filter" name="test_portfolio_instrument_both_dates" time="0.344" /><testcase classname="tests.backend.routes.test_positions_date_filter" name="test_portfolio_instrument_start_after_end_is_400" time="0.375" /><testcase classname="tests.backend.routes.test_positions_date_filter" name="test_portfolio_instrument_no_data_in_range_is_404" time="0.618" /><testcase classname="tests.backend.routes.test_query" name="test_list_saved_queries_returns_rich_entries[asyncio]" time="0.016" /><testcase classname="tests.backend.routes.test_query" name="test_list_saved_queries_returns_empty_when_missing_dir[asyncio]" time="0.010" /><testcase classname="tests.backend.routes.test_query" name="test_list_saved_queries_returns_rich_entries[trio]" time="0.016" /><testcase classname="tests.backend.routes.test_query" name="test_list_saved_queries_returns_empty_when_missing_dir[trio]" time="0.012" /><testcase classname="tests.backend.routes.test_routes_init" name="test_get_active_user_returns_none_when_auth_disabled" time="0.005" /><testcase classname="tests.backend.routes.test_routes_init" name="test_get_active_user_invokes_oauth_helpers_when_enabled" time="0.005" /><testcase classname="tests.backend.routes.test_signup" name="test_valid_request_records_and_notifies" time="0.031" /><testcase classname="tests.backend.routes.test_signup" name="test_invalid_payload_returns_400" time="0.025" /><testcase classname="tests.backend.routes.test_signup" name="test_missing_base_url_returns_503" time="0.030" /><testcase classname="tests.backend.routes.test_signup" name="test_existing_and_new_emails_are_indistinguishable" time="0.036" /><testcase classname="tests.backend.routes.test_signup" name="test_missing_admin_email_returns_503" time="0.024" /><testcase classname="tests.backend.routes.test_signup" name="test_email_send_failure_is_not_swallowed" time="0.031" /><testcase classname="tests.backend.routes.test_signup" name="test_approve_provisions_owner_and_notifies_user" time="0.047" /><testcase classname="tests.backend.routes.test_signup" name="test_missing_login_url_fails_fast_without_provisioning[None]" time="0.029" /><testcase classname="tests.backend.routes.test_signup" name="test_missing_login_url_fails_fast_without_provisioning[]" time="0.030" /><testcase classname="tests.backend.routes.test_signup" name="test_approved_email_is_in_allowed_emails" time="0.047" /><testcase classname="tests.backend.routes.test_signup" name="test_approve_is_single_use" time="0.055" /><testcase classname="tests.backend.routes.test_signup" name="test_approve_invalid_token_rejected" time="0.028" /><testcase classname="tests.backend.routes.test_signup" name="test_approve_unknown_request_rejected" time="0.025" /><testcase classname="tests.backend.routes.test_signup" name="test_reject_marks_request_and_blocks_later_approval" time="0.040" /><testcase classname="tests.backend.routes.test_signup" name="test_reject_invalid_token_rejected" time="0.029" /><testcase classname="tests.backend.routes.test_signup" name="test_approve_user_email_failure_is_not_swallowed" time="0.047" /><testcase classname="tests.backend.routes.test_signup" name="test_get_approve_is_a_safe_confirmation_page" time="0.057" /><testcase classname="tests.backend.routes.test_signup" name="test_get_approve_invalid_token_renders_error_page" time="0.028" /><testcase classname="tests.backend.routes.test_signup" name="test_get_approve_expired_token_renders_error_page" time="0.031" /><testcase classname="tests.backend.routes.test_signup" name="test_rate_limit_allows_up_to_limit" time="0.069" /><testcase classname="tests.backend.routes.test_signup" name="test_rate_limit_blocks_after_limit" time="0.076" /><testcase classname="tests.backend.routes.test_signup" name="test_rate_limited_invalid_payload_still_400" time="0.063" /><testcase classname="tests.backend.routes.test_signup" name="test_create_router_copies_are_independent_of_module_router" time="0.014" /><testcase classname="tests.backend.routes.test_signup" name="test_create_router_warns_when_returning_unprotected_router" time="0.004" /><testcase classname="tests.backend.routes.test_signup" name="test_create_router_does_not_warn_when_properly_configured" time="0.016" /><testcase classname="tests.backend.routes.test_signup" name="test_throttling_response_is_identical_for_all_emails" time="0.086" /><testcase classname="tests.backend.routes.test_signup" name="test_prune_stale_removes_expired_requests" time="0.022" /><testcase classname="tests.backend.routes.test_signup" name="test_enforce_cap_removes_oldest_when_exceeded" time="2.583" /><testcase classname="tests.backend.routes.test_transactions" name="test_require_writable_store_uses_cached_value" time="0.010" /><testcase classname="tests.backend.routes.test_transactions" name="test_require_writable_store_rejects_global_cache" time="0.010" /><testcase classname="tests.backend.routes.test_transactions" name="test_require_writable_store_missing_resolved_path" time="0.010" /><testcase classname="tests.backend.routes.test_transactions" name="test_require_writable_store_rejects_matching_global_root" time="0.008" /><testcase classname="tests.backend.routes.test_transactions" name="test_as_non_empty_str_trims_and_rejects_whitespace" time="0.002" /><testcase classname="tests.backend.routes.test_transactions" name="test_validate_component_rejects_invalid_characters" time="0.002" /><testcase classname="tests.backend.routes.test_transactions" name="test_create_transaction_requires_reason" time="0.015" /><testcase classname="tests.backend.routes.test_transactions" name="test_create_transaction_requires_price" time="0.011" /><testcase classname="tests.backend.routes.test_transactions" name="test_create_transaction_requires_units" time="0.011" /><testcase classname="tests.backend.routes.test_transactions" name="test_instrument_name_from_entry" time="0.002" /><testcase classname="tests.backend.routes.test_transactions" name="test_format_transaction_response_injects_instrument_name" time="0.002" /><testcase classname="tests.backend.routes.test_transactions" name="test_format_transaction_response_omits_missing_instrument_name" time="0.002" /><testcase classname="tests.backend.routes.test_transactions" name="test_tx_data_from_parsed_raises_on_conflicting_price_and_price_gbp" time="0.003" /><testcase classname="tests.backend.routes.test_transactions" name="test_tx_data_from_parsed_allows_matching_price_and_price_gbp" time="0.003" /><testcase classname="tests.backend.routes.test_transactions" name="test_tx_data_from_parsed_coalesces_price_only" time="0.002" /><testcase classname="tests.backend.routes.test_transactions" name="test_tx_data_from_parsed_keeps_price_gbp_only" time="0.002" /><testcase classname="tests.backend.routes.test_transactions" name="test_tx_data_from_parsed_no_prices_set" time="0.002" /><testcase classname="tests.backend.routes.test_transactions" name="test_create_transaction_records_valid_payload" time="0.029" /><testcase classname="tests.backend.routes.test_transactions" name="test_update_and_delete_transactions_flow" time="7.020" /><testcase classname="tests.backend.routes.test_transactions" name="test_update_transaction_out_of_range_index" time="0.478" /><testcase classname="tests.backend.routes.test_transactions" name="test_update_transaction_pending_entry_guard" time="0.480" /><testcase classname="tests.backend.routes.test_transactions_accounts_root" name="test_require_writable_store_returns_cached_value" time="0.010" /><testcase classname="tests.backend.routes.test_transactions_accounts_root" name="test_require_writable_store_rejects_matching_global_root" time="0.009" /><testcase classname="tests.backend.routes.test_transactions_accounts_root" name="test_require_writable_store_rejects_no_accounts_root" time="0.002" /><testcase classname="tests.backend.routes.test_transactions_accounts_root" name="test_require_writable_store_rejects_nonexistent_configured_root" time="0.008" /><testcase classname="tests.backend.routes.test_transactions_accounts_root" name="test_require_writable_store_rejects_invalid_resolution[False]" time="0.010" /><testcase classname="tests.backend.routes.test_transactions_accounts_root" name="test_require_writable_store_rejects_invalid_resolution[True]" time="0.014" /><testcase classname="tests.backend.routes.test_transactions_writable_store" name="test_resolve_writable_store_uses_s3_in_aws" time="0.003" /><testcase classname="tests.backend.routes.test_transactions_writable_store" name="test_resolve_writable_store_falls_back_local_without_bucket" time="0.009" /><testcase classname="tests.backend.routes.test_transactions_writable_store" name="test_resolve_writable_store_no_warning_outside_aws" time="0.008" /><testcase classname="tests.backend.routes.test_transactions_writable_store" name="test_resolve_writable_store_warns_only_once_per_process" time="0.011" /><testcase classname="tests.backend.routes.test_transactions_writable_store" name="test_create_manual_holding_persists_to_s3" time="0.007" /><testcase classname="tests.backend.routes.test_transactions_writable_store" name="test_create_transaction_persists_to_s3" time="0.006" /><testcase classname="tests.backend.routes.test_transactions_writable_store.TestReadEndpointsWithNonexistentRoot" name="test_list_transactions_returns_empty_list" time="0.015" /><testcase classname="tests.backend.routes.test_transactions_writable_store.TestReadEndpointsWithNonexistentRoot" name="test_list_manual_holdings_returns_empty_accounts" time="0.015" /><testcase classname="tests.backend.routes.test_transactions_writable_store.TestReadEndpointsWithNonexistentRoot" name="test_transactions_with_compliance_returns_empty_list" time="0.014" /><testcase classname="tests.backend.test_alert_settings" name="test_get_alert_threshold" time="0.020" /><testcase classname="tests.backend.test_alert_settings" name="test_get_alert_threshold_mismatched_owner" time="0.016" /><testcase classname="tests.backend.test_alert_settings" name="test_set_alert_threshold" time="0.016" /><testcase classname="tests.backend.test_alert_settings" name="test_set_alert_threshold_invalid_payload" time="0.020" /><testcase classname="tests.backend.test_alert_settings" name="test_alert_thresholds_auth_disabled" time="0.022" /><testcase classname="tests.backend.test_analytics" name="test_log_event_persists_and_summarises" time="0.072" /><testcase classname="tests.backend.test_analytics" name="test_rejects_unknown_events" time="0.031" /><testcase classname="tests.backend.test_app_bootstrap" name="test_create_app_test_isolation_copies_accounts_root" time="0.023" /><testcase classname="tests.backend.test_app_bootstrap" name="test_lifecycle_service_warms_snapshot_and_registers_background_task" time="0.077" /><testcase classname="tests.backend.test_app_bootstrap" name="test_lifecycle_service_warmup_logs_timed_phases" time="0.077" /><testcase classname="tests.backend.test_app_bootstrap" name="test_prime_latest_prices_background_is_an_instance_method" time="0.006" /><testcase classname="tests.backend.test_app_bootstrap" name="test_lifecycle_service_shutdown_cancels_tasks_and_temp_dirs" time="0.082" /><testcase classname="tests.backend.test_app_bootstrap" name="test_lifecycle_service_startup_survives_prime_latest_prices_failure" time="0.081" /><testcase classname="tests.backend.test_app_bootstrap" name="test_lifecycle_service_snapshot_load_is_time_bounded" time="0.570" /><testcase classname="tests.backend.test_app_bootstrap" name="test_lifecycle_service_metadata_update_is_time_bounded" time="0.570" /><testcase classname="tests.backend.test_app_bootstrap" name="test_create_app_skips_snapshot_warm_when_disabled" time="0.075" /><testcase classname="tests.backend.test_approvals_route" name="test_approvals_authorization_enforced" time="0.537" /><testcase classname="tests.backend.test_approvals_route" name="test_post_approval_request_falls_back_to_default_accounts_root" time="0.411" /><testcase classname="tests.backend.test_async_endpoints" name="test_auth_alerts_portfolio" time="0.349" /><testcase classname="tests.backend.test_auth" name="test_verify_google_token[None-verify_response0-allowed_emails0-400]" time="0.003" /><testcase classname="tests.backend.test_auth" name="test_verify_google_token[client-verify_response1-allowed_emails1-401]" time="0.003" /><testcase classname="tests.backend.test_auth" name="test_verify_google_token[client-verify_response2-allowed_emails2-401]" time="0.003" /><testcase classname="tests.backend.test_auth" name="test_verify_google_token[client-verify_response3-allowed_emails3-401]" time="0.004" /><testcase classname="tests.backend.test_auth" name="test_verify_google_token[client-verify_response4-allowed_emails4-403]" time="0.003" /><testcase classname="tests.backend.test_auth" name="test_verify_google_token[client-verify_response5-allowed_emails5-403]" time="0.003" /><testcase classname="tests.backend.test_auth" name="test_verify_google_token[client-verify_response6-allowed_emails6-a@b.com]" time="0.003" /><testcase classname="tests.backend.test_auth_module" name="test_create_and_decode_token" time="0.002" /><testcase classname="tests.backend.test_auth_module" name="test_decode_token_expired" time="0.002" /><testcase classname="tests.backend.test_auth_module" name="test_get_current_user_invalid_token" time="0.005" /><testcase classname="tests.backend.test_auth_module" name="test_get_current_user_valid" time="0.004" /><testcase classname="tests.backend.test_auth_module" name="test_get_current_user_local_override" time="0.004" /><testcase classname="tests.backend.test_auth_module" name="test_verify_google_token_success" time="0.003" /><testcase classname="tests.backend.test_auth_module" name="test_verify_google_token_unverified" time="0.002" /><testcase classname="tests.backend.test_auth_module" name="test_verify_google_token_unauthorized" time="0.002" /><testcase classname="tests.backend.test_auth_module" name="test_verify_google_token_no_allowed" time="0.003" /><testcase classname="tests.backend.test_auth_module" name="test_verify_google_token_missing_email" time="0.002" /><testcase classname="tests.backend.test_auth_module" name="test_verify_google_token_invalid_token" time="0.002" /><testcase classname="tests.backend.test_auth_module" name="test_verify_google_token_missing_client_id" time="0.002" /><testcase classname="tests.backend.test_a
[...]
estcase classname="tests.timeseries.test_fetch_meta_timeseries" name="test_metadata_entry_exists_rejects_traversal_exchange" time="0.013" /><testcase classname="tests.timeseries.test_fetch_meta_timeseries" name="test_metadata_entry_exists_rejects_dotdot_exchange" time="0.013" /><testcase classname="tests.timeseries.test_fetch_meta_timeseries" name="test_metadata_entry_exists_in_directory_rejects_traversal" time="0.015" /><testcase classname="tests.timeseries.test_fetch_meta_timeseries" name="test_resolve_exchange_rejects_traversal_symbol" time="0.002" /><testcase classname="tests.timeseries.test_fetch_stooq_timeseries" name="test_get_stooq_suffix_known_and_unknown" time="0.004" /><testcase classname="tests.timeseries.test_fetch_stooq_timeseries" name="test_format_date" time="0.002" /><testcase classname="tests.timeseries.test_fetch_stooq_timeseries" name="test_fetch_stooq_timeseries_range_success" time="0.013" /><testcase classname="tests.timeseries.test_fetch_stooq_timeseries" name="test_fetch_stooq_timeseries_range_rate_limit" time="0.003" /><testcase classname="tests.timeseries.test_fetch_stooq_timeseries" name="test_fetch_stooq_timeseries_range_http_error" time="0.003" /><testcase classname="tests.timeseries.test_fetch_stooq_timeseries" name="test_fetch_stooq_timeseries_range_timeout" time="0.005" /><testcase classname="tests.timeseries.test_fetch_stooq_timeseries" name="test_fetch_stooq_timeseries_range_invalid_ticker" time="0.004" /><testcase classname="tests.timeseries.test_fetch_stooq_timeseries" name="test_fetch_stooq_timeseries_wrapper" time="0.003" /><testcase classname="tests.timeseries.test_fetch_yahoo_timeseries" name="test_get_yahoo_suffix[LSE-.L]" time="0.003" /><testcase classname="tests.timeseries.test_fetch_yahoo_timeseries" name="test_get_yahoo_suffix[l-.L]" time="0.002" /><testcase classname="tests.timeseries.test_fetch_yahoo_timeseries" name="test_get_yahoo_suffix[NASDAQ-]" time="0.002" /><testcase classname="tests.timeseries.test_fetch_yahoo_timeseries" name="test_get_yahoo_suffix[xetra-.DE]" time="0.002" /><testcase classname="tests.timeseries.test_fetch_yahoo_timeseries" name="test_get_yahoo_suffix[FX-=X]" time="0.002" /><testcase classname="tests.timeseries.test_fetch_yahoo_timeseries" name="test_get_yahoo_suffix_unsupported" time="0.002" /><testcase classname="tests.timeseries.test_fetch_yahoo_timeseries" name="test_build_full_ticker_appends_suffix" time="0.002" /><testcase classname="tests.timeseries.test_fetch_yahoo_timeseries" name="test_build_full_ticker_no_duplicate" time="0.002" /><testcase classname="tests.timeseries.test_fetch_yahoo_timeseries" name="test_build_full_ticker_unsupported_exchange" time="0.003" /><testcase classname="tests.timeseries.test_fetch_yahoo_timeseries" name="test_fetch_yahoo_timeseries_range_normalizes" time="0.014" /><testcase classname="tests.timeseries.test_fetch_yahoo_timeseries" name="test_fetch_yahoo_timeseries_range_empty" time="0.004" /><testcase classname="tests.timeseries.test_fetch_yahoo_timeseries" name="test_fetch_yahoo_timeseries_range_exception" time="0.004" /><testcase classname="tests.timeseries.test_fetch_yahoo_timeseries" name="test_fetch_yahoo_timeseries_period_success" time="0.013" /><testcase classname="tests.timeseries.test_fetch_yahoo_timeseries" name="test_fetch_yahoo_timeseries_period_no_normalize_preserves_datetime" time="0.011" /><testcase classname="tests.timeseries.test_fetch_yahoo_timeseries" name="test_fetch_yahoo_timeseries_period_empty" time="0.004" /><testcase classname="tests.timeseries.test_fetch_yahoo_timeseries" name="test_fetch_yahoo_timeseries_period_exception" time="0.004" /><testcase classname="tests.timeseries.test_quality" name="test_compute_quality_empty_dataframe" time="0.003" /><testcase classname="tests.timeseries.test_quality" name="test_find_duplicate_dates" time="0.007" /><testcase classname="tests.timeseries.test_quality" name="test_find_gaps_ignores_weekend" time="0.005" /><testcase classname="tests.timeseries.test_quality" name="test_find_gaps_flags_missing_business_days" time="0.006" /><testcase classname="tests.timeseries.test_quality" name="test_find_gaps_below_threshold_not_reported" time="0.007" /><testcase classname="tests.timeseries.test_quality" name="test_find_gaps_ignores_uk_bank_holiday" time="0.006" /><testcase classname="tests.timeseries.test_quality" name="test_find_gaps_multiple_disjoint_gaps" time="0.006" /><testcase classname="tests.timeseries.test_quality" name="test_find_outliers_flags_spike" time="0.007" /><testcase classname="tests.timeseries.test_quality" name="test_find_outliers_stable_series_has_none" time="0.005" /><testcase classname="tests.timeseries.test_quality" name="test_find_outliers_missing_close_column_returns_empty" time="0.004" /><testcase classname="tests.timeseries.test_quality" name="test_compute_quality_aggregates_all_metrics" time="0.011" /><testcase classname="tests.timeseries.test_run_all_and_load_timeseries" name="test_run_all_tickers_filters_and_delays" time="0.008" /><testcase classname="tests.timeseries.test_run_all_and_load_timeseries" name="test_run_all_tickers_prefers_metadata_exchange_for_cache" time="0.005" /><testcase classname="tests.timeseries.test_run_all_and_load_timeseries" name="test_run_all_tickers_resets_cache_exchange_after_metadata_removed" time="0.024" /><testcase classname="tests.timeseries.test_run_all_and_load_timeseries" name="test_run_all_tickers_drops_cached_exchange_when_metadata_blank" time="0.006" /><testcase classname="tests.timeseries.test_run_all_and_load_timeseries" name="test_load_timeseries_data_filters_and_warnings" time="0.005" /><testcase classname="tests.timeseries.test_run_all_and_load_timeseries" name="test_load_timeseries_data_prefers_metadata_exchange_for_cache" time="0.006" /><testcase classname="tests.timeseries.test_run_all_and_load_timeseries" name="test_load_timeseries_data_handles_stale_metadata" time="0.022" /><testcase classname="tests.timeseries.test_run_all_and_load_timeseries" name="test_load_timeseries_data_drops_cached_exchange_when_metadata_blank" time="0.005" /><testcase classname="tests.utils.test_build_instruments_existing_meta" name="test_build_instruments_reuses_existing_metadata" time="0.025" /><testcase classname="tests.utils.test_build_instruments_from_accounts" name="test_split_ticker[ABC.L-expected0]" time="0.003" /><testcase classname="tests.utils.test_build_instruments_from_accounts" name="test_split_ticker[ABC-expected1]" time="0.003" /><testcase classname="tests.utils.test_build_instruments_from_accounts" name="test_best_name[Short-LongerName-LongerName]" time="0.003" /><testcase classname="tests.utils.test_build_instruments_from_accounts" name="test_best_name[LongerName-Short-LongerName]" time="0.003" /><testcase classname="tests.utils.test_build_instruments_from_accounts" name="test_best_name[None-Beta-Beta]" time="0.003" /><testcase classname="tests.utils.test_build_instruments_from_accounts" name="test_best_name[Alpha-None-Alpha]" time="0.003" /><testcase classname="tests.utils.test_build_instruments_from_accounts" name="test_best_name[None-None-None]" time="0.003" /><testcase classname="tests.utils.test_build_instruments_from_accounts" name="test_infer_currency[CASH-GBP-scaling0-GBP]" time="0.004" /><testcase classname="tests.utils.test_build_instruments_from_accounts" name="test_infer_currency[XYZ-L-scaling1-GBX]" time="0.003" /><testcase classname="tests.utils.test_build_instruments_from_accounts" name="test_infer_currency[ABC-N-scaling2-USD]" time="0.003" /><testcase classname="tests.utils.test_build_instruments_from_accounts" name="test_infer_currency[DEF-DE-scaling3-EUR]" time="0.004" /><testcase classname="tests.utils.test_build_instruments_from_accounts" name="test_infer_currency[GHI-TO-scaling4-None]" time="0.003" /><testcase classname="tests.utils.test_build_instruments_from_accounts" name="test_build_and_write_instruments" time="0.025" /><testcase classname="tests.utils.test_convert_portfolio_xml_to_account_transactions" name="test_safe_int" time="0.002" /><testcase classname="tests.utils.test_convert_portfolio_xml_to_account_transactions" name="test_normalise_account_name" time="0.002" /><testcase classname="tests.utils.test_convert_portfolio_xml_to_account_transactions" name="test_get_ref_missing_returns_none" time="0.002" /><testcase classname="tests.utils.test_convert_portfolio_xml_to_account_transactions" name="test_extract_transactions_by_account" time="0.020" /><testcase classname="tests.utils.test_convert_portfolio_xml_to_account_transactions" name="test_write_account_json" time="0.044" /><testcase classname="tests.utils.test_convert_portfolio_xml_to_account_transactions" name="test_billion_laughs_xml_rejected" time="0.014" /><testcase classname="tests.utils.test_convert_portfolio_xml_to_account_transactions" name="test_main_errors_when_paths_missing" time="0.004" /><testcase classname="tests.utils.test_convert_portfolio_xml_to_account_transactions" name="test_main_runs_with_arguments" time="0.028" /><testcase classname="tests.utils.test_convert_portfolio_xml_to_input_files" name="test_normalize_account_cases" time="0.002" /><testcase classname="tests.utils.test_convert_portfolio_xml_to_input_files" name="test_generate_json_holdings" time="0.027" /><testcase classname="tests.utils.test_currency_utils" name="test_currency_from_isin[GB00B03MLX29-GBP]" time="0.003" /><testcase classname="tests.utils.test_currency_utils" name="test_currency_from_isin[us0378331005-USD]" time="0.003" /><testcase classname="tests.utils.test_currency_utils" name="test_currency_from_isin[XX0000000000-GBP]" time="0.002" /><testcase classname="tests.utils.test_fx_rates" name="test_fetch_fx_rate_range_success[USD-GBP]" time="0.010" /><testcase classname="tests.utils.test_fx_rates" name="test_fetch_fx_rate_range_success[CHF-GBP]" time="0.009" /><testcase classname="tests.utils.test_fx_rates" name="test_fetch_fx_rate_range_success[JPY-GBP]" time="0.009" /><testcase classname="tests.utils.test_fx_rates" name="test_fetch_fx_rate_range_success[CAD-GBP]" time="0.010" /><testcase classname="tests.utils.test_fx_rates" name="test_fetch_fx_rate_range_empty" time="0.004" /><testcase classname="tests.utils.test_fx_rates" name="test_fetch_fx_rate_range_exception" time="0.004" /><testcase classname="tests.utils.test_fx_rates" name="test_fetch_fx_rate_range_unsupported" time="0.004" /><testcase classname="tests.utils.test_fx_rates" name="test_fetch_fx_rate_same_currency" time="0.004" /><testcase classname="tests.utils.test_growth_stage" name="test_get_growth_stage[None-90.0-100.0-seed-None]" time="0.004" /><testcase classname="tests.utils.test_growth_stage" name="test_get_growth_stage[45-None-None-growing-None]" time="0.003" /><testcase classname="tests.utils.test_growth_stage" name="test_get_growth_stage[200-None-None-harvest-Long-term hold \u2013 review position.]" time="0.003" /><testcase classname="tests.utils.test_growth_stage" name="test_get_growth_stage[10-105.0-100.0-harvest-Target met \u2013 consider selling.]" time="0.004" /><testcase classname="tests.utils.test_html_render" name="test_render_timeseries_html" time="0.016" /><testcase classname="tests.utils.test_html_render" name="test_render_timeseries_html_escapes_title_and_subtitle" time="0.013" /><testcase classname="tests.utils.test_html_render" name="test_render_timeseries_html_escapes_cell_values" time="0.013" /><testcase classname="tests.utils.test_period_utils" name="test_parse_period_to_days[1d-1]" time="0.003" /><testcase classname="tests.utils.test_period_utils" name="test_parse_period_to_days[2w-14]" time="0.003" /><testcase classname="tests.utils.test_period_utils" name="test_parse_period_to_days[3mo-90]" time="0.003" /><testcase classname="tests.utils.test_period_utils" name="test_parse_period_to_days[1y-365]" time="0.003" /><testcase classname="tests.utils.test_period_utils" name="test_parse_period_to_days[2W-14]" time="0.002" /><testcase classname="tests.utils.test_period_utils" name="test_parse_period_invalid_format[]" time="0.002" /><testcase classname="tests.utils.test_period_utils" name="test_parse_period_invalid_format[5x]" time="0.003" /><testcase classname="tests.utils.test_period_utils" name="test_parse_period_invalid_format[abc]" time="0.003" /><testcase classname="tests.utils.test_period_utils" name="test_parse_period_unsupported_unit" time="0.002" /><testcase classname="tests.utils.test_positions" name="test_extract_holdings_sums_and_acquisitions" time="0.020" /><testcase classname="tests.utils.test_positions" name="test_extract_holdings_by_account" time="0.019" /><testcase classname="tests.utils.test_positions" name="test_extract_holdings_with_cutoff" time="0.018" /><testcase classname="tests.utils.test_positions" name="test_get_unique_tickers" time="0.022" /><testcase classname="tests.utils.test_positions" name="test_get_name_map_from_xml" time="0.014" /><testcase classname="tests.utils.test_positions" name="test_extract_dividends" time="0.017" /><testcase classname="tests.utils.test_positions" name="test_extract_holdings_ignores_invalid" time="0.014" /><testcase classname="tests.utils.test_positions" name="test_extract_dividends_ignores_invalid" time="0.014" /><testcase classname="tests.utils.test_pricing_dates" name="test_reporting_and_previous_dates_skip_weekend" time="0.003" /><testcase classname="tests.utils.test_pricing_dates" name="test_lookback_anchor_from_reporting_date" time="0.002" /><testcase classname="tests.utils.test_pricing_dates" name="test_lookback_range_forward_end_handles_weekend" time="0.002" /><testcase classname="tests.utils.test_scenario_tester" name="test_apply_price_shock_falls_back_to_get_price" time="0.002" /><testcase classname="tests.utils.test_scenario_tester" name="test_apply_price_shock_updates_totals_without_fetch" time="0.003" /><testcase classname="tests.utils.test_scenario_tester" name="test_apply_price_shock_updates_all_totals_without_mutating_original" time="0.002" /><testcase classname="tests.utils.test_scenario_tester" name="test_scale_portfolio_scales_each_horizon" time="0.002" /><testcase classname="tests.utils.test_scenario_tester" name="test_forward_returns_empty" time="0.003" /><testcase classname="tests.utils.test_scenario_tester" name="test_forward_returns_with_data" time="0.013" /><testcase classname="tests.utils.test_scenario_tester" name="test_forward_returns_nonfinite_prices" time="0.012" /><testcase classname="tests.utils.test_scenario_tester" name="test_parse_full_ticker_variants[ABC.L-expected0]" time="0.003" /><testcase classname="tests.utils.test_scenario_tester" name="test_parse_full_ticker_variants[DEF-expected1]" time="0.003" /><testcase classname="tests.utils.test_scenario_tester" name="test_parse_full_ticker_variants[inp2-expected2]" time="0.002" /><testcase classname="tests.utils.test_scenario_tester" name="test_parse_full_ticker_variants[inp3-expected3]" time="0.003" /><testcase classname="tests.utils.test_scenario_tester" name="test_apply_historical_event_portfolio_aggregates_returns" time="0.002" /><testcase classname="tests.utils.test_timeseries_helpers" name="test_apply_scaling_basic" time="0.006" /><testcase classname="tests.utils.test_timeseries_helpers" name="test_apply_scaling_no_scale_returns_same_object" time="0.003" /><testcase classname="tests.utils.test_timeseries_helpers" name="test_get_scaling_override_requested" time="0.002" /><testcase classname="tests.utils.test_timeseries_helpers" name="test_get_scaling_override_from_json" time="0.004" /><testcase classname="tests.utils.test_timeseries_helpers" name="test_get_scaling_override_missing_file" time="0.005" /><testcase classname="tests.utils.test_timeseries_helpers" name="test_get_scaling_override_nested_currency" time="0.004" /><testcase classname="tests.utils.test_timeseries_helpers" name="test_get_scaling_override_security_meta_fallback" time="0.003" /><testcase classname="tests.utils.test_timeseries_helpers" name="test_handle_timeseries_response_variants" time="0.008" /><testcase classname="tests.utils.test_timeseries_helpers" name="test_get_scaling_override_bad_json" time="0.018" /><testcase classname="tests.utils.test_timeseries_helpers" name="test_get_scaling_override_invalid_value" time="0.018" /><testcase classname="tests.utils.test_timeseries_helpers" name="test_nearest_weekday" time="0.002" /><testcase classname="tests.utils.test_timeseries_helpers" name="test_is_isin" time="0.002" /><testcase classname="tests.utils.test_timeseries_helpers.TestResolveDateRange" name="test_positive_days_sets_start_relative_to_today" time="0.002" /><testcase classname="tests.utils.test_timeseries_helpers.TestResolveDateRange" name="test_zero_days_returns_epoch_start" time="0.002" /><testcase classname="tests.utils.test_timeseries_helpers.TestResolveDateRange" name="test_negative_days_returns_epoch_start" time="0.002" /><testcase classname="tests.utils.test_timeseries_helpers.TestResolveDateRange" name="test_explicit_start_date_overrides_days" time="0.002" /><testcase classname="tests.utils.test_timeseries_helpers.TestResolveDateRange" name="test_explicit_end_date_overrides_yesterday" time="0.002" /><testcase classname="tests.utils.test_timeseries_helpers.TestResolveDateRange" name="test_both_explicit_dates_ignore_days_entirely" time="0.002" /><testcase classname="tests.utils.test_timeseries_helpers.TestResolveDateRange" name="test_returns_tuple_of_date_objects" time="0.003" /><testcase classname="tests.utils.test_timeseries_helpers.TestApplyDateRange" name="test_start_date_only" time="0.006" /><testcase classname="tests.utils.test_timeseries_helpers.TestApplyDateRange" name="test_end_date_only" time="0.006" /><testcase classname="tests.utils.test_timeseries_helpers.TestApplyDateRange" name="test_both_bounds" time="0.006" /><testcase classname="tests.utils.test_timeseries_helpers.TestApplyDateRange" name="test_neither_bound_noop" time="0.004" /><testcase classname="tests.utils.test_timeseries_helpers.TestApplyDateRange" name="test_boundary_dates_inclusive" time="0.005" /><testcase classname="tests.utils.test_timeseries_helpers.TestApplyDateRange" name="test_plain_date_column" time="0.005" /><testcase classname="tests.utils.test_timeseries_helpers.TestApplyDateRange" name="test_empty_dataframe_returns_empty" time="0.003" /><testcase classname="tests.utils.test_timeseries_helpers.TestApplyDateRange" name="test_missing_date_column_returns_df_unchanged" time="0.003" /><testcase classname="tests.utils.test_timeseries_helpers.TestApplyDateRange" name="test_missing_date_column_not_mutated" time="0.003" /><testcase classname="tests.utils.test_timeseries_helpers.TestApplyDateRange" name="test_nat_rows_are_dropped" time="0.006" /><testcase classname="tests.utils.test_timeseries_helpers.TestApplyDateRange" name="test_none_rows_dropped_plain_date_column" time="0.005" /><testcase classname="tests.utils.test_timeseries_helpers.TestApplyDateRange" name="test_index_is_reset" time="0.006" /><testcase classname="tests.utils.test_timeseries_helpers.TestApplyDateRange" name="test_datetime64_dtype_preserved_in_output" time="0.006" /><testcase classname="tests.utils.test_timeseries_helpers.TestApplyDateRange" name="test_plain_date_dtype_preserved_in_output" time="0.005" /><testcase classname="tests.utils.test_timeseries_helpers.TestApplyDateRange" name="test_original_frame_not_mutated" time="0.008" /><testcase classname="tests.utils.test_uk_holidays" name="test_uk_bank_holidays_2026_known_dates" time="0.002" /><testcase classname="tests.utils.test_uk_holidays" name="test_new_years_day_weekend_substitution" time="0.002" /><testcase classname="tests.utils.test_uk_holidays" name="test_is_uk_business_day_excludes_weekends_and_holidays" time="0.003" /><testcase classname="tests.utils.test_uk_holidays" name="test_uk_business_days_between_excludes_christmas_period" time="0.003" /><testcase classname="tests.utils.test_uk_holidays" name="test_uk_business_days_between_empty_when_start_after_end" time="0.043" /></testsuite></testsuites>